<?xml version="1.0" encoding="UTF-8"?>
<!-- Generated by org.testng.reporters.JUnitReportReporter -->
<testsuite hostname="LAPTOP-1I2596E2" name="DriverFactory.DataDriven" tests="1" failures="0" timestamp="12 Jun 2020 06:46:05 GMT" time="54.172" errors="0">
  <testcase name="verifyRegister" time="54.172" classname="DriverFactory.DataDriven"/>
</testsuite> <!-- DriverFactory.DataDriven -->
