<?xml version="1.0" encoding="UTF-8"?>
<!-- Generated by org.testng.reporters.JUnitReportReporter -->
<testsuite hostname="LAPTOP-1I2596E2" name="june18.Using_dataProvider" tests="5" failures="0" timestamp="18 Jun 2020 04:22:18 GMT" time="25.713" errors="0">
  <testcase name="verifylogin" time="5.775" classname="june18.Using_dataProvider"/>
  <testcase name="verifylogin" time="5.164" classname="june18.Using_dataProvider"/>
  <testcase name="verifylogin" time="4.825" classname="june18.Using_dataProvider"/>
  <testcase name="verifylogin" time="5.150" classname="june18.Using_dataProvider"/>
  <testcase name="verifylogin" time="4.799" classname="june18.Using_dataProvider"/>
</testsuite> <!-- june18.Using_dataProvider -->
