<?xml version="1.0" encoding="UTF-8"?>
<!-- Generated by org.testng.reporters.JUnitReportReporter -->
<testsuite hostname="LAPTOP-1I2596E2" name="june18.Using_crossbrowser" tests="10" failures="0" timestamp="18 Jun 2020 05:04:44 GMT" time="174.733" errors="0">
  <testcase name="verifylogin" time="16.535" classname="june18.Using_crossbrowser"/>
  <testcase name="verifylogin" time="19.229" classname="june18.Using_crossbrowser"/>
  <testcase name="verifylogin" time="17.068" classname="june18.Using_crossbrowser"/>
  <testcase name="verifylogin" time="21.119" classname="june18.Using_crossbrowser"/>
  <testcase name="verifylogin" time="15.670" classname="june18.Using_crossbrowser"/>
  <testcase name="verifylogin" time="17.817" classname="june18.Using_crossbrowser"/>
  <testcase name="verifylogin" time="15.365" classname="june18.Using_crossbrowser"/>
  <testcase name="verifylogin" time="16.460" classname="june18.Using_crossbrowser"/>
  <testcase name="verifylogin" time="18.632" classname="june18.Using_crossbrowser"/>
  <testcase name="verifylogin" time="16.838" classname="june18.Using_crossbrowser"/>
</testsuite> <!-- june18.Using_crossbrowser -->
