<?xml version="1.0" encoding="UTF-8"?>
<!-- Generated by org.testng.reporters.JUnitReportReporter -->
<testsuite hostname="LAPTOP-1I2596E2" name="DriverFactory.DriverScript" tests="1" failures="0" timestamp="17 Jun 2020 06:27:21 GMT" time="125.995" errors="0">
  <testcase name="PrimusBank" time="125.995" classname="DriverFactory.DriverScript"/>
</testsuite> <!-- DriverFactory.DriverScript -->
