<?xml version="1.0" encoding="UTF-8"?>
<!-- Generated by org.testng.reporters.JUnitReportReporter -->
<testsuite hostname="LAPTOP-1I2596E2" name="DriverFactory.DataDrivenPOM" tests="1" failures="0" timestamp="17 Jun 2020 07:03:39 GMT" time="183.815" errors="0">
  <testcase name="verifyBranchCreation" time="183.815" classname="DriverFactory.DataDrivenPOM"/>
</testsuite> <!-- DriverFactory.DataDrivenPOM -->
